[2025-02-21T09:51:00+0000] [PACMAN] Running 'pacman -Syu --root /d/a/msys2-installer/msys2-installer/_build/newmsys/msys64'
[2025-02-21T09:51:00+0000] [PACMAN] synchronizing package lists
[2025-02-21T09:51:03+0000] [PACMAN] starting core system upgrade
[2025-02-21T09:51:03+0000] [PACMAN] starting full system upgrade
[2025-02-21T09:51:04+0000] [PACMAN] Running 'pacman -S --noconfirm --root /d/a/msys2-installer/msys2-installer/_build/newmsys/msys64 filesystem msys2-runtime'
[2025-02-21T09:51:06+0000] [ALPM] transaction started
[2025-02-21T09:51:06+0000] [ALPM] installed filesystem (2024.12.18-1)
[2025-02-21T09:51:06+0000] [ALPM] installed msys2-runtime (3.5.7-2)
[2025-02-21T09:51:06+0000] [ALPM] transaction completed
[2025-02-21T09:51:07+0000] [PACMAN] Running 'pacman -S --noconfirm --root /d/a/msys2-installer/msys2-installer/_build/newmsys/msys64 base'
[2025-02-21T09:51:30+0000] [ALPM] transaction started
[2025-02-21T09:51:30+0000] [ALPM] installed bash (5.2.037-2)
[2025-02-21T09:51:32+0000] [ALPM] installed bash-completion (2.16.0-1)
[2025-02-21T09:51:32+0000] [ALPM] installed gcc-libs (13.3.0-1)
[2025-02-21T09:51:32+0000] [ALPM] installed libbz2 (1.0.8-4)
[2025-02-21T09:51:32+0000] [ALPM] installed libintl (0.22.5-1)
[2025-02-21T09:51:32+0000] [ALPM] installed libiconv (1.18-1)
[2025-02-21T09:51:32+0000] [ALPM] installed libexpat (2.6.4-1)
[2025-02-21T09:51:32+0000] [ALPM] installed liblzma (5.6.4-1)
[2025-02-21T09:51:32+0000] [ALPM] installed liblz4 (1.10.0-1)
[2025-02-21T09:51:32+0000] [ALPM] installed libopenssl (3.4.1-1)
[2025-02-21T09:51:32+0000] [ALPM] installed libzstd (1.5.7-1)
[2025-02-21T09:51:32+0000] [ALPM] installed zlib (1.3.1-1)
[2025-02-21T09:51:32+0000] [ALPM] installed bsdtar (3.7.7-1)
[2025-02-21T09:51:32+0000] [ALPM] installed bzip2 (1.0.8-4)
[2025-02-21T09:51:32+0000] [ALPM] installed gmp (6.3.0-1)
[2025-02-21T09:51:32+0000] [ALPM] installed coreutils (8.32-5)
[2025-02-21T09:51:32+0000] [ALPM] installed openssl (3.4.1-1)
[2025-02-21T09:51:33+0000] [ALPM] installed findutils (4.10.0-2)
[2025-02-21T09:51:33+0000] [ALPM] installed sed (4.9-1)
[2025-02-21T09:51:33+0000] [ALPM] installed libffi (3.4.7-1)
[2025-02-21T09:51:41+0000] [ALPM] installed ncurses (6.5.20240831-2)
[2025-02-21T09:51:41+0000] [ALPM] installed libpcre2_8 (10.44-1)
[2025-02-21T09:51:41+0000] [ALPM] installed less (668-1)
[2025-02-21T09:51:41+0000] [ALPM] installed gzip (1.13-1)
[2025-02-21T09:51:41+0000] [ALPM] installed libxcrypt (4.4.38-1)
[2025-02-21T09:51:41+0000] [ALPM] installed info (7.1.1-1)
[2025-02-21T09:51:41+0000] [ALPM] installed libtasn1 (4.20.0-1)
[2025-02-21T09:51:41+0000] [ALPM] installed libp11-kit (0.25.5-2)
[2025-02-21T09:51:42+0000] [ALPM] installed p11-kit (0.25.5-2)
[2025-02-21T09:51:42+0000] [ALPM] installed ca-certificates (20241223-1)
[2025-02-21T09:51:42+0000] [ALPM] installed brotli (1.1.0-1)
[2025-02-21T09:51:42+0000] [ALPM] installed libdb (6.2.32-5)
[2025-02-21T09:51:42+0000] [ALPM] installed libedit (20240808_3.1-1)
[2025-02-21T09:51:42+0000] [ALPM] installed libsqlite (3.46.1-1)
[2025-02-21T09:51:42+0000] [ALPM] installed heimdal-libs (7.8.0-5)
[2025-02-21T09:51:42+0000] [ALPM] installed libunistring (1.3-1)
[2025-02-21T09:51:42+0000] [ALPM] installed libidn2 (2.3.7-1)
[2025-02-21T09:51:42+0000] [ALPM] installed libnghttp2 (1.64.0-1)
[2025-02-21T09:51:42+0000] [ALPM] installed libpsl (0.21.5-2)
[2025-02-21T09:51:43+0000] [ALPM] installed libssh2 (1.11.1-1)
[2025-02-21T09:51:43+0000] [ALPM] installed libcurl (8.12.1-1)
[2025-02-21T09:51:43+0000] [ALPM] installed curl (8.12.1-1)
[2025-02-21T09:51:43+0000] [ALPM] installed libpcre (8.45-5)
[2025-02-21T09:51:43+0000] [ALPM] installed grep (1~3.0-7)
[2025-02-21T09:51:43+0000] [ALPM] installed dash (0.5.12-1)
[2025-02-21T09:51:44+0000] [ALPM] installed file (5.46-1)
[2025-02-21T09:51:44+0000] [ALPM] installed mpfr (4.2.1-1)
[2025-02-21T09:51:44+0000] [ALPM] installed libreadline (8.2.013-1)
[2025-02-21T09:51:44+0000] [ALPM] installed gawk (5.3.1-1)
[2025-02-21T09:51:44+0000] [ALPM] installed libargp (20241207-1)
[2025-02-21T09:51:44+0000] [ALPM] installed getent (2.18.90-5)
[2025-02-21T09:51:44+0000] [ALPM] installed inetutils (2.5-2)
[2025-02-21T09:51:44+0000] [ALPM] installed mintty (1~3.7.7-2)
[2025-02-21T09:51:44+0000] [ALPM] installed msys2-keyring (1~20250214-1)
[2025-02-21T09:51:44+0000] [ALPM] installed msys2-launcher (1.5-3)
[2025-02-21T09:51:44+0000] [ALPM] installed nano (8.3-1)
[2025-02-21T09:51:44+0000] [ALPM] installed libgettextpo (0.22.5-1)
[2025-02-21T09:51:44+0000] [ALPM] installed libasprintf (0.22.5-1)
[2025-02-21T09:51:45+0000] [ALPM] installed gettext (0.22.5-1)
[2025-02-21T09:51:45+0000] [ALPM] installed libgpg-error (1.51-1)
[2025-02-21T09:51:45+0000] [ALPM] installed libassuan (2.5.7-1)
[2025-02-21T09:51:45+0000] [ALPM] installed libgcrypt (1.11.0-1)
[2025-02-21T09:51:45+0000] [ALPM] installed libhogweed (3.10.1-1)
[2025-02-21T09:51:45+0000] [ALPM] installed libnettle (3.10.1-1)
[2025-02-21T09:51:45+0000] [ALPM] installed libgnutls (3.8.9-1)
[2025-02-21T09:51:45+0000] [ALPM] installed libksba (1.6.7-1)
[2025-02-21T09:51:45+0000] [ALPM] installed libnpth (1.8-1)
[2025-02-21T09:51:45+0000] [ALPM] installed nettle (3.10.1-1)
[2025-02-21T09:51:45+0000] [ALPM] installed pinentry (1.3.1-1)
[2025-02-21T09:51:45+0000] [ALPM] installed gnupg (2.4.7-1)
[2025-02-21T09:51:45+0000] [ALPM] installed pacman-mirrors (20250220-1)
[2025-02-21T09:51:45+0000] [ALPM] installed which (2.21-4)
[2025-02-21T09:51:45+0000] [ALPM] installed xz (5.6.4-1)
[2025-02-21T09:51:45+0000] [ALPM] installed zstd (1.5.7-1)
[2025-02-21T09:51:46+0000] [ALPM] installed pacman (6.1.0-11)
[2025-02-21T09:51:46+0000] [ALPM] installed db (6.2.32-5)
[2025-02-21T09:51:46+0000] [ALPM] installed libgdbm (1.24-1)
[2025-02-21T09:51:46+0000] [ALPM] installed gdbm (1.24-1)
[2025-02-21T09:51:49+0000] [ALPM] installed perl (5.38.2-3)
[2025-02-21T09:51:49+0000] [ALPM] installed pacman-contrib (1.10.6-1)
[2025-02-21T09:51:49+0000] [ALPM] installed rebase (4.5.0-4)
[2025-02-21T09:51:49+0000] [ALPM] installed tar (1.35-2)
[2025-02-21T09:51:49+0000] [ALPM] installed time (1.9-3)
[2025-02-21T09:51:52+0000] [ALPM] installed tzcode (2025a-1)
[2025-02-21T09:51:52+0000] [ALPM] installed libutil-linux (2.40.2-2)
[2025-02-21T09:51:52+0000] [ALPM] installed util-linux (2.40.2-2)
[2025-02-21T09:51:52+0000] [ALPM] installed wget (1.25.0-1)
[2025-02-21T09:51:52+0000] [ALPM] installed base (2022.06-1)
[2025-02-21T09:51:52+0000] [ALPM] transaction completed
[2025-02-21T09:51:52+0000] [ALPM] running 'texinfo-install.hook'...
[2025-05-07T17:45:40+0100] [PACMAN] Running 'pacman -Syu'
[2025-05-07T17:45:40+0100] [PACMAN] synchronizing package lists
[2025-05-07T17:45:47+0100] [PACMAN] starting core system upgrade
[2025-05-07T17:45:55+0100] [ALPM] transaction started
[2025-05-07T17:45:55+0100] [ALPM] upgraded filesystem (2024.12.18-1 -> 2025.02.23-1)
[2025-05-07T17:45:55+0100] [ALPM] upgraded mintty (1~3.7.7-2 -> 1~3.7.8-1)
[2025-05-07T17:45:55+0100] [ALPM] upgraded msys2-runtime (3.5.7-2 -> 3.6.1-4)
[2025-05-07T17:45:55+0100] [ALPM] transaction completed
[2025-05-07T17:46:17+0100] [PACMAN] Running 'pacman -Su'
[2025-05-07T17:46:17+0100] [PACMAN] starting core system upgrade
[2025-05-07T17:46:17+0100] [PACMAN] starting full system upgrade
[2025-05-07T17:46:29+0100] [ALPM] transaction started
[2025-05-07T17:46:29+0100] [ALPM] upgraded brotli (1.1.0-1 -> 1.1.0-2)
[2025-05-07T17:46:29+0100] [ALPM] upgraded libexpat (2.6.4-1 -> 2.7.1-1)
[2025-05-07T17:46:29+0100] [ALPM] upgraded liblzma (5.6.4-1 -> 5.8.1-1)
[2025-05-07T17:46:29+0100] [ALPM] upgraded libopenssl (3.4.1-1 -> 3.5.0-1)
[2025-05-07T17:46:29+0100] [ALPM] upgraded bsdtar (3.7.7-1 -> 3.7.9-1)
[2025-05-07T17:46:29+0100] [ALPM] upgraded libidn2 (2.3.7-1 -> 2.3.8-1)
[2025-05-07T17:46:30+0100] [ALPM] upgraded libnghttp2 (1.64.0-1 -> 1.65.0-1)
[2025-05-07T17:46:30+0100] [ALPM] upgraded openssl (3.4.1-1 -> 3.5.0-1)
[2025-05-07T17:46:30+0100] [ALPM] upgraded libffi (3.4.7-1 -> 3.4.8-1)
[2025-05-07T17:46:30+0100] [ALPM] upgraded libpcre2_8 (10.44-1 -> 10.45-1)
[2025-05-07T17:46:30+0100] [ALPM] upgraded gzip (1.13-1 -> 1.14-1)
[2025-05-07T17:46:30+0100] [ALPM] upgraded info (7.1.1-1 -> 7.2-1)
[2025-05-07T17:46:30+0100] [ALPM] upgraded libsqlite (3.46.1-1 -> 3.49.1-2)
[2025-05-07T17:46:30+0100] [ALPM] upgraded libcurl (8.12.1-1 -> 8.13.0-1)
[2025-05-07T17:46:30+0100] [ALPM] upgraded curl (8.12.1-1 -> 8.13.0-1)
[2025-05-07T17:46:30+0100] [ALPM] upgraded file (5.46-1 -> 5.46-2)
[2025-05-07T17:46:30+0100] [ALPM] upgraded mpfr (4.2.1-1 -> 4.2.2-1)
[2025-05-07T17:46:30+0100] [ALPM] upgraded gawk (5.3.1-1 -> 5.3.2-1)
[2025-05-07T17:46:30+0100] [ALPM] upgraded libgdbm (1.24-1 -> 1.25-1)
[2025-05-07T17:46:30+0100] [ALPM] upgraded gdbm (1.24-1 -> 1.25-1)
[2025-05-07T17:46:31+0100] [ALPM] upgraded libgpg-error (1.51-1 -> 1.55-1)
[2025-05-07T17:46:31+0100] [ALPM] upgraded libassuan (2.5.7-1 -> 3.0.2-1)
[2025-05-07T17:46:31+0100] [ALPM] upgraded pinentry (1.3.1-1 -> 1.3.1-2)
[2025-05-07T17:46:31+0100] [ALPM] upgraded gnupg (2.4.7-1 -> 2.4.7-2)
[2025-05-07T17:46:35+0100] [ALPM-SCRIPTLET] ==> Appending keys from msys2.gpg...
[2025-05-07T17:46:36+0100] [ALPM-SCRIPTLET] ==> Updating trust database...
[2025-05-07T17:46:36+0100] [ALPM-SCRIPTLET] gpg: next trustdb check due at 2025-08-13
[2025-05-07T17:46:36+0100] [ALPM] upgraded nano (8.3-1 -> 8.4-1)
[2025-05-07T17:46:38+0100] [ALPM] upgraded perl (5.38.2-3 -> 5.38.4-2)
[2025-05-07T17:46:40+0100] [ALPM] upgraded tzcode (2025a-1 -> 2025b-1)
[2025-05-07T17:46:40+0100] [ALPM] upgraded which (2.21-4 -> 2.23-4)
[2025-05-07T17:46:41+0100] [ALPM] upgraded xz (5.6.4-1 -> 5.8.1-1)
[2025-05-07T17:46:41+0100] [ALPM] transaction completed
[2025-05-07T17:46:41+0100] [ALPM] running 'texinfo-install.hook'...
[2025-05-07T17:46:51+0100] [PACMAN] Running 'pacman -S base-devel mingw-w64-x86_64-toolchain mingw-w64-x86_64-boost'
[2025-05-07T17:48:11+0100] [PACMAN] Running 'pacman -S base-devel mingw-w64-x86_64-toolchain mingw-w64-x86_64-boost'
[2025-05-07T17:50:31+0100] [ALPM] transaction started
[2025-05-07T17:50:31+0100] [ALPM] installed binutils (2.44-1)
[2025-05-07T17:50:31+0100] [ALPM] installed m4 (1.4.19-2)
[2025-05-07T17:50:31+0100] [ALPM] installed bison (3.8.2-5)
[2025-05-07T17:50:31+0100] [ALPM] installed diffstat (1.68-1)
[2025-05-07T17:50:31+0100] [ALPM] installed diffutils (3.12-1)
[2025-05-07T17:50:31+0100] [ALPM] installed dos2unix (7.5.2-1)
[2025-05-07T17:50:31+0100] [ALPM] installed flex (2.6.4-4)
[2025-05-07T17:50:32+0100] [ALPM] installed texinfo (7.2-1)
[2025-05-07T17:50:32+0100] [ALPM] installed texinfo-tex (7.2-1)
[2025-05-07T17:50:32+0100] [ALPM] installed make (4.4.1-2)
[2025-05-07T17:50:32+0100] [ALPM] installed patch (2.7.6-3)
[2025-05-07T17:50:32+0100] [ALPM] installed base-devel (2024.11-1)
[2025-05-07T17:50:32+0100] [ALPM] installed mingw-w64-x86_64-libwinpthread-git (12.0.0.r688.g6b2176247-1)
[2025-05-07T17:50:32+0100] [ALPM] installed mingw-w64-x86_64-gcc-libs (15.1.0-2)
[2025-05-07T17:50:32+0100] [ALPM] installed mingw-w64-x86_64-libiconv (1.18-1)
[2025-05-07T17:50:32+0100] [ALPM] installed mingw-w64-x86_64-gettext-runtime (0.24.1-1)
[2025-05-07T17:50:32+0100] [ALPM] installed mingw-w64-x86_64-zlib (1.3.1-1)
[2025-05-07T17:50:32+0100] [ALPM] installed mingw-w64-x86_64-zstd (1.5.7-1)
[2025-05-07T17:50:33+0100] [ALPM] installed mingw-w64-x86_64-binutils (2.44-1)
[2025-05-07T17:50:34+0100] [ALPM] installed mingw-w64-x86_64-headers-git (12.0.0.r688.g6b2176247-1)
[2025-05-07T17:50:35+0100] [ALPM] installed mingw-w64-x86_64-crt-git (12.0.0.r688.g6b2176247-1)
[2025-05-07T17:50:35+0100] [ALPM] installed mingw-w64-x86_64-gmp (6.3.0-2)
[2025-05-07T17:50:35+0100] [ALPM] installed mingw-w64-x86_64-isl (0.27-1)
[2025-05-07T17:50:35+0100] [ALPM] installed mingw-w64-x86_64-mpfr (4.2.2-1)
[2025-05-07T17:50:35+0100] [ALPM] installed mingw-w64-x86_64-mpc (1.3.1-2)
[2025-05-07T17:50:35+0100] [ALPM] installed mingw-w64-x86_64-windows-default-manifest (6.4-4)
[2025-05-07T17:50:35+0100] [ALPM] installed mingw-w64-x86_64-winpthreads-git (12.0.0.r688.g6b2176247-1)
[2025-05-07T17:50:37+0100] [ALPM] installed mingw-w64-x86_64-gcc (15.1.0-2)
[2025-05-07T17:50:37+0100] [ALPM] installed mingw-w64-x86_64-expat (2.7.1-2)
[2025-05-07T17:50:37+0100] [ALPM] installed mingw-w64-x86_64-libtre (0.9.0-1)
[2025-05-07T17:50:37+0100] [ALPM] installed mingw-w64-x86_64-libsystre (1.0.2-1)
[2025-05-07T17:50:42+0100] [ALPM] installed mingw-w64-x86_64-ncurses (6.5.20241228-3)
[2025-05-07T17:50:42+0100] [ALPM] installed mingw-w64-x86_64-bzip2 (1.0.8-3)
[2025-05-07T17:50:42+0100] [ALPM] installed mingw-w64-x86_64-libffi (3.4.8-1)
[2025-05-07T17:50:42+0100] [ALPM] installed mingw-w64-x86_64-mpdecimal (4.0.0-1)
[2025-05-07T17:50:52+0100] [ALPM] installed mingw-w64-x86_64-openssl (3.5.0-1)
[2025-05-07T17:50:52+0100] [ALPM] installed mingw-w64-x86_64-termcap (1.3.1-7)
[2025-05-07T17:50:52+0100] [ALPM] installed mingw-w64-x86_64-readline (8.2.013-1)
[2025-05-07T17:50:53+0100] [ALPM] installed mingw-w64-x86_64-sqlite3 (3.49.1-1)
[2025-05-07T17:50:56+0100] [ALPM] installed mingw-w64-x86_64-tcl (8.6.16-1)
[2025-05-07T17:50:57+0100] [ALPM] installed mingw-w64-x86_64-tk (8.6.16-1)
[2025-05-07T17:50:57+0100] [ALPM] installed mingw-w64-x86_64-xz (5.8.1-2)
[2025-05-07T17:51:00+0100] [ALPM] installed mingw-w64-x86_64-tzdata (2025b-1)
[2025-05-07T17:51:17+0100] [ALPM] installed mingw-w64-x86_64-python (3.12.10-1)
[2025-05-07T17:51:17+0100] [ALPM] installed mingw-w64-x86_64-xxhash (0.8.3-1)
[2025-05-07T17:51:17+0100] [ALPM] installed mingw-w64-x86_64-gdb (16.3-1)
[2025-05-07T17:51:17+0100] [ALPM] installed mingw-w64-x86_64-gdb-multiarch (16.3-1)
[2025-05-07T17:51:17+0100] [ALPM] installed mingw-w64-x86_64-libmangle-git (12.0.0.r688.g6b2176247-1)
[2025-05-07T17:51:17+0100] [ALPM] installed mingw-w64-x86_64-make (4.4.1-3)
[2025-05-07T17:51:18+0100] [ALPM] installed mingw-w64-x86_64-pkgconf (1~2.3.0-1)
[2025-05-07T17:51:18+0100] [ALPM] installed mingw-w64-x86_64-tools-git (12.0.0.r688.g6b2176247-1)
[2025-05-07T17:51:18+0100] [ALPM] installed mingw-w64-x86_64-winstorecompat-git (12.0.0.r688.g6b2176247-1)
[2025-05-07T17:51:18+0100] [ALPM] installed mingw-w64-x86_64-icu (77.1-1)
[2025-05-07T17:51:19+0100] [ALPM] installed mingw-w64-x86_64-boost-libs (1.88.0-2)
[2025-05-07T17:51:56+0100] [ALPM] installed mingw-w64-x86_64-boost (1.88.0-2)
[2025-05-07T17:51:56+0100] [ALPM] transaction completed
[2025-05-07T17:51:56+0100] [ALPM] running 'texinfo-install.hook'...
